<?xml version="1.0" encoding="UTF-8"?>
<testsuite xmlns:xsi="http://www.w3.org/2001/XMLSchema-instance" xsi:noNamespaceSchemaLocation="https://maven.apache.org/surefire/maven-surefire-plugin/xsd/surefire-test-report-3.0.xsd" version="3.0" name="amazon.testcases.HomepageTest" time="44.517" tests="2" errors="0" skipped="0" failures="0">
  <properties>
    <property name="java.specification.version" value="21"/>
    <property name="sun.cpu.isalist" value="amd64"/>
    <property name="sun.jnu.encoding" value="Cp1252"/>
    <property name="java.class.path" value="d:\Arun-Eclipse-Workspace\Playwright\target\test-classes;d:\Arun-Eclipse-Workspace\Playwright\target\classes;C:\Users\softsuave\.m2\repository\com\microsoft\playwright\playwright\1.38.0\playwright-1.38.0.jar;C:\Users\softsuave\.m2\repository\com\google\code\gson\gson\2.8.9\gson-2.8.9.jar;C:\Users\softsuave\.m2\repository\org\opentest4j\opentest4j\1.2.0\opentest4j-1.2.0.jar;C:\Users\softsuave\.m2\repository\com\microsoft\playwright\driver\1.38.0\driver-1.38.0.jar;C:\Users\softsuave\.m2\repository\com\microsoft\playwright\driver-bundle\1.38.0\driver-bundle-1.38.0.jar;C:\Users\softsuave\.m2\repository\org\testng\testng\6.9.8\testng-6.9.8.jar;C:\Users\softsuave\.m2\repository\org\beanshell\bsh\2.0b4\bsh-2.0b4.jar;C:\Users\softsuave\.m2\repository\com\beust\jcommander\1.48\jcommander-1.48.jar;C:\Users\softsuave\.m2\repository\io\github\openmaqs\playwright\openmaqs-playwright\3.0.1\openmaqs-playwright-3.0.1.jar;C:\Users\softsuave\.m2\repository\io\github\openmaqs\base\openmaqs-base\3.0.1\openmaqs-base-3.0.1.jar;C:\Users\softsuave\.m2\repository\io\github\openmaqs\utilities\openmaqs-utilities\3.0.1\openmaqs-utilities-3.0.1.jar;C:\Users\softsuave\.m2\repository\commons-io\commons-io\2.11.0\commons-io-2.11.0.jar;C:\Users\softsuave\.m2\repository\org\apache\commons\commons-configuration2\2.8.0\commons-configuration2-2.8.0.jar;C:\Users\softsuave\.m2\repository\org\apache\commons\commons-lang3\3.12.0\commons-lang3-3.12.0.jar;C:\Users\softsuave\.m2\repository\commons-logging\commons-logging\1.2\commons-logging-1.2.jar;C:\Users\softsuave\.m2\repository\org\apache\commons\commons-text\1.10.0\commons-text-1.10.0.jar;C:\Users\softsuave\.m2\repository\commons-beanutils\commons-beanutils\1.9.4\commons-beanutils-1.9.4.jar;C:\Users\softsuave\.m2\repository\commons-collections\commons-collections\3.2.2\commons-collections-3.2.2.jar;C:\Users\softsuave\.m2\repository\org\jsoup\jsoup\1.15.3\jsoup-1.15.3.jar;"/>
    <property name="java.vm.vendor" value="Eclipse Adoptium"/>
    <property name="sun.arch.data.model" value="64"/>
    <property name="user.variant" value=""/>
    <property name="java.vendor.url" value="https://adoptium.net/"/>
    <property name="user.timezone" value="Asia/Calcutta"/>
    <property name="os.name" value="Windows 10"/>
    <property name="java.vm.specification.version" value="21"/>
    <property name="sun.java.launcher" value="SUN_STANDARD"/>
    <property name="user.country" value="IN"/>
    <property name="sun.boot.library.path" value="C:\Program Files\Eclipse Adoptium\jdk-21.0.0.35-hotspot\bin"/>
    <property name="sun.java.command" value="C:\Users\softsuave\AppData\Local\Temp\surefire2083280640805291947\surefirebooter-20231031125152635_3.jar C:\Users\softsuave\AppData\Local\Temp\surefire2083280640805291947 2023-10-31T12-51-52_528-jvmRun1 surefire-20231031125152635_1tmp surefire_0-20231031125152635_2tmp"/>
    <property name="jdk.debug" value="release"/>
    <property name="surefire.test.class.path" value="d:\Arun-Eclipse-Workspace\Playwright\target\test-classes;d:\Arun-Eclipse-Workspace\Playwright\target\classes;C:\Users\softsuave\.m2\repository\com\microsoft\playwright\playwright\1.38.0\playwright-1.38.0.jar;C:\Users\softsuave\.m2\repository\com\google\code\gson\gson\2.8.9\gson-2.8.9.jar;C:\Users\softsuave\.m2\repository\org\opentest4j\opentest4j\1.2.0\opentest4j-1.2.0.jar;C:\Users\softsuave\.m2\repository\com\microsoft\playwright\driver\1.38.0\driver-1.38.0.jar;C:\Users\softsuave\.m2\repository\com\microsoft\playwright\driver-bundle\1.38.0\driver-bundle-1.38.0.jar;C:\Users\softsuave\.m2\repository\org\testng\testng\6.9.8\testng-6.9.8.jar;C:\Users\softsuave\.m2\repository\org\beanshell\bsh\2.0b4\bsh-2.0b4.jar;C:\Users\softsuave\.m2\repository\com\beust\jcommander\1.48\jcommander-1.48.jar;C:\Users\softsuave\.m2\repository\io\github\openmaqs\playwright\openmaqs-playwright\3.0.1\openmaqs-playwright-3.0.1.jar;C:\Users\softsuave\.m2\repository\io\github\openmaqs\base\openmaqs-base\3.0.1\openmaqs-base-3.0.1.jar;C:\Users\softsuave\.m2\repository\io\github\openmaqs\utilities\openmaqs-utilities\3.0.1\openmaqs-utilities-3.0.1.jar;C:\Users\softsuave\.m2\repository\commons-io\commons-io\2.11.0\commons-io-2.11.0.jar;C:\Users\softsuave\.m2\repository\org\apache\commons\commons-configuration2\2.8.0\commons-configuration2-2.8.0.jar;C:\Users\softsuave\.m2\repository\org\apache\commons\commons-lang3\3.12.0\commons-lang3-3.12.0.jar;C:\Users\softsuave\.m2\repository\commons-logging\commons-logging\1.2\commons-logging-1.2.jar;C:\Users\softsuave\.m2\repository\org\apache\commons\commons-text\1.10.0\commons-text-1.10.0.jar;C:\Users\softsuave\.m2\repository\commons-beanutils\commons-beanutils\1.9.4\commons-beanutils-1.9.4.jar;C:\Users\softsuave\.m2\repository\commons-collections\commons-collections\3.2.2\commons-collections-3.2.2.jar;C:\Users\softsuave\.m2\repository\org\jsoup\jsoup\1.15.3\jsoup-1.15.3.jar;"/>
    <property name="sun.cpu.endian" value="little"/>
    <property name="user.home" value="C:\Users\softsuave"/>
    <property name="user.language" value="en"/>
    <property name="java.specification.vendor" value="Oracle Corporation"/>
    <property name="java.version.date" value="2023-09-19"/>
    <property name="java.home" value="C:\Program Files\Eclipse Adoptium\jdk-21.0.0.35-hotspot"/>
    <property name="file.separator" value="\"/>
    <property name="basedir" value="d:\Arun-Eclipse-Workspace\Playwright"/>
    <property name="java.vm.compressedOopsMode" value="Zero based"/>
    <property name="line.separator" value="&#10;"/>
    <property name="java.vm.specification.vendor" value="Oracle Corporation"/>
    <property name="java.specification.name" value="Java Platform API Specification"/>
    <property name="surefire.real.class.path" value="C:\Users\softsuave\AppData\Local\Temp\surefire2083280640805291947\surefirebooter-20231031125152635_3.jar"/>
    <property name="user.script" value=""/>
    <property name="sun.management.compiler" value="HotSpot 64-Bit Tiered Compilers"/>
    <property name="java.runtime.version" value="21+35-LTS"/>
    <property name="user.name" value="softsuave"/>
    <property name="stdout.encoding" value="Cp1252"/>
    <property name="path.separator" value=";"/>
    <property name="os.version" value="10.0"/>
    <property name="java.runtime.name" value="OpenJDK Runtime Environment"/>
    <property name="file.encoding" value="UTF-8"/>
    <property name="java.vm.name" value="OpenJDK 64-Bit Server VM"/>
    <property name="java.vendor.version" value="Temurin-21+35"/>
    <property name="localRepository" value="C:\Users\softsuave\.m2\repository"/>
    <property name="java.vendor.url.bug" value="https://github.com/adoptium/adoptium-support/issues"/>
    <property name="java.io.tmpdir" value="C:\Users\SOFTSU~1\AppData\Local\Temp\"/>
    <property name="java.version" value="21"/>
    <property name="user.dir" value="d:\Arun-Eclipse-Workspace\Playwright"/>
    <property name="os.arch" value="amd64"/>
    <property name="java.vm.specification.name" value="Java Virtual Machine Specification"/>
    <property name="sun.os.patch.level" value=""/>
    <property name="native.encoding" value="Cp1252"/>
    <property name="java.library.path" value="C:\Program Files\Eclipse Adoptium\jdk-21.0.0.35-hotspot\bin;C:\Windows\Sun\Java\bin;C:\Windows\system32;C:\Windows;C:\Program Files\Eclipse Adoptium\jdk-21.0.0.35-hotspot\bin;C:\Python312\Scripts\;C:\Python312\;C:\Program Files (x86)\Common Files\Oracle\Java\javapath;C:\Windows\system32;C:\Windows;C:\Windows\System32\Wbem;C:\Windows\System32\WindowsPowerShell\v1.0\;C:\Windows\System32\OpenSSH\;C:\Program Files\Git\cmd;D:\Arun-Eclipse-Workspace\apache-maven-3.9.5\bin;C:\Program Files\nodejs\;C:\ProgramData\chocolatey\bin;%JAVA_HOME%;%JAVA_HOME%\lib;C:\Users\softsuave\AppData\Local\Microsoft\WindowsApps;C:\Users\softsuave\AppData\Roaming\npm;C:\Users\softsuave\AppData\Local\Programs\Microsoft VS Code\bin;."/>
    <property name="java.vm.info" value="mixed mode, sharing"/>
    <property name="stderr.encoding" value="Cp1252"/>
    <property name="java.vendor" value="Eclipse Adoptium"/>
    <property name="java.vm.version" value="21+35-LTS"/>
    <property name="sun.io.unicode.encoding" value="UnicodeLittle"/>
    <property name="java.class.version" value="65.0"/>
  </properties>
  <testcase name="TC1" classname="amazon.testcases.HomepageTest" time="1.183"/>
  <testcase name="TC2" classname="amazon.testcases.HomepageTest" time="7.0">
    <system-out><![CDATA[1-16 of over 50,000 results for "oneplus earbuds"
]]></system-out>
  </testcase>
</testsuite>