<?xml version="1.0" encoding="UTF-8"?>
<!-- Generated by org.testng.reporters.JUnitReportReporter -->
<testsuite hostname="DESKTOP-GEA9L1T" failures="0" tests="1" name="com.lambdatest.testcases.RegisterUserTC" time="35.765" errors="0" timestamp="2023-12-06T17:54:56 IST" skipped="0">
  <testcase classname="com.lambdatest.testcases.RegisterUserTC" name="registerUSer" time="35.765"/>
  <system-out/>
</testsuite> <!-- com.lambdatest.testcases.RegisterUserTC -->
