<?xml version="1.0" encoding="UTF-8"?>
<!-- Generated by org.testng.reporters.JUnitReportReporter -->
<testsuite hostname="DESKTOP-GEA9L1T" failures="0" tests="2" name="amazon.testcases.HomepageTest" time="64.141" errors="0" timestamp="2023-12-12T14:59:09 IST" skipped="0">
  <testcase classname="amazon.testcases.HomepageTest" name="TC2" time="34.206"/>
  <system-out/>
  <testcase classname="amazon.testcases.HomepageTest" name="TC1" time="29.935"/>
  <system-out/>
</testsuite> <!-- amazon.testcases.HomepageTest -->
