<?xml version="1.0" encoding="UTF-8"?>
<!-- Generated by org.testng.reporters.JUnitReportReporter -->
<testsuite hostname="DESKTOP-GEA9L1T" failures="0" tests="1" name="com.lambdatest.testcases.LoginUserTC" time="24.597" errors="0" timestamp="2023-12-06T18:31:35 IST" skipped="0">
  <testcase classname="com.lambdatest.testcases.LoginUserTC" name="registerUSer" time="24.597"/>
  <system-out/>
</testsuite> <!-- com.lambdatest.testcases.LoginUserTC -->
