<?xml version="1.0" encoding="UTF-8"?>
<!-- Generated by org.testng.reporters.JUnitReportReporter -->
<testsuite hostname="DESKTOP-HSSTI2L" failures="0" tests="2" name="amazon.testcases.HomepageTest" time="43.580" errors="0" timestamp="2023-10-18T15:05:30 IST" skipped="0">
  <testcase classname="amazon.testcases.HomepageTest" name="TC1" time="24.740"/>
  <system-out/>
  <testcase classname="amazon.testcases.HomepageTest" name="TC2" time="18.840"/>
  <system-out/>
</testsuite> <!-- amazon.testcases.HomepageTest -->
