<?xml version="1.0" encoding="UTF-8"?>
<!-- Generated by org.testng.reporters.JUnitReportReporter -->
<testsuite hostname="DESKTOP-GEA9L1T" failures="0" tests="1" name="com.OrangeHRM.TestCases.OrangeHRMHomePageTestcase" time="14.281" errors="0" timestamp="2023-12-14T12:46:40 IST" skipped="0">
  <testcase classname="com.OrangeHRM.TestCases.OrangeHRMHomePageTestcase" name="loggInPage" time="14.281"/>
  <system-out/>
</testsuite> <!-- com.OrangeHRM.TestCases.OrangeHRMHomePageTestcase -->
