<?xml version="1.0" encoding="UTF-8"?>
<!-- Generated by org.testng.reporters.JUnitReportReporter -->
<testsuite hostname="DESKTOP-GEA9L1T" failures="0" tests="1" name="com.OrangeHRM.TestCases.OrangeHRMForgetPasswordTestCase" time="11.882" errors="0" timestamp="2023-12-14T12:50:57 IST" skipped="0">
  <testcase classname="com.OrangeHRM.TestCases.OrangeHRMForgetPasswordTestCase" name="loggInPage" time="11.882"/>
  <system-out/>
</testsuite> <!-- com.OrangeHRM.TestCases.OrangeHRMForgetPasswordTestCase -->
