<?xml version="1.0" encoding="UTF-8"?>
<!-- Generated by org.testng.reporters.JUnitReportReporter -->
<testsuite hostname="DESKTOP-GEA9L1T" failures="0" tests="2" name="amazon.testcases.HomepageTest" time="33.684" errors="0" timestamp="2 Nov 2023 12:25:48 GMT">
  <testcase classname="amazon.testcases.HomepageTest" name="TC2" time="26.083"/>
  <testcase classname="amazon.testcases.HomepageTest" name="TC1" time="7.601"/>
</testsuite> <!-- amazon.testcases.HomepageTest -->
