<?xml version="1.0" encoding="UTF-8"?>
<!-- Generated by org.testng.reporters.JUnitReportReporter -->
<testsuite hostname="DESKTOP-GEA9L1T" failures="0" tests="2" name="amazon.testcases.HomepageTest" time="44.284" errors="0" timestamp="31 Oct 2023 07:22:37 GMT">
  <testcase classname="amazon.testcases.HomepageTest" name="TC1" time="22.433"/>
  <testcase classname="amazon.testcases.HomepageTest" name="TC2" time="21.851"/>
</testsuite> <!-- amazon.testcases.HomepageTest -->
